  WinMain.cpp
c:\users\s_hagoo119\source\repos\pehr\pehr\winmain.cpp(238): warning C4996: 'wcscpy': This function or variable may be unsafe. Consider using wcscpy_s instead. To disable deprecation, use _CRT_SECURE_NO_WARNINGS. See online help for details.
  c:\program files (x86)\windows kits\10\include\10.0.16299.0\ucrt\corecrt_wstring.h(123): note: see declaration of 'wcscpy'
c:\users\s_hagoo119\source\repos\pehr\pehr\winmain.cpp(256): warning C4996: 'wcscpy': This function or variable may be unsafe. Consider using wcscpy_s instead. To disable deprecation, use _CRT_SECURE_NO_WARNINGS. See online help for details.
  c:\program files (x86)\windows kits\10\include\10.0.16299.0\ucrt\corecrt_wstring.h(123): note: see declaration of 'wcscpy'
c:\users\s_hagoo119\source\repos\pehr\pehr\winmain.cpp(257): warning C4996: '_wcsset': This function or variable may be unsafe. Consider using _wcsset_s instead. To disable deprecation, use _CRT_SECURE_NO_WARNINGS. See online help for details.
  c:\program files (x86)\windows kits\10\include\10.0.16299.0\ucrt\corecrt_wstring.h(376): note: see declaration of '_wcsset'
c:\users\s_hagoo119\source\repos\pehr\pehr\winmain.cpp(258): warning C4996: 'wcscpy': This function or variable may be unsafe. Consider using wcscpy_s instead. To disable deprecation, use _CRT_SECURE_NO_WARNINGS. See online help for details.
  c:\program files (x86)\windows kits\10\include\10.0.16299.0\ucrt\corecrt_wstring.h(123): note: see declaration of 'wcscpy'
c:\users\s_hagoo119\source\repos\pehr\pehr\winmain.cpp(261): warning C4996: 'wcscpy': This function or variable may be unsafe. Consider using wcscpy_s instead. To disable deprecation, use _CRT_SECURE_NO_WARNINGS. See online help for details.
  c:\program files (x86)\windows kits\10\include\10.0.16299.0\ucrt\corecrt_wstring.h(123): note: see declaration of 'wcscpy'
c:\users\s_hagoo119\source\repos\pehr\pehr\winmain.cpp(263): warning C4996: 'wcscpy': This function or variable may be unsafe. Consider using wcscpy_s instead. To disable deprecation, use _CRT_SECURE_NO_WARNINGS. See online help for details.
  c:\program files (x86)\windows kits\10\include\10.0.16299.0\ucrt\corecrt_wstring.h(123): note: see declaration of 'wcscpy'
c:\users\s_hagoo119\source\repos\pehr\pehr\winmain.cpp(282): warning C4996: 'wcscpy': This function or variable may be unsafe. Consider using wcscpy_s instead. To disable deprecation, use _CRT_SECURE_NO_WARNINGS. See online help for details.
  c:\program files (x86)\windows kits\10\include\10.0.16299.0\ucrt\corecrt_wstring.h(123): note: see declaration of 'wcscpy'
c:\users\s_hagoo119\source\repos\pehr\pehr\winmain.cpp(299): warning C4996: 'wcscpy': This function or variable may be unsafe. Consider using wcscpy_s instead. To disable deprecation, use _CRT_SECURE_NO_WARNINGS. See online help for details.
  c:\program files (x86)\windows kits\10\include\10.0.16299.0\ucrt\corecrt_wstring.h(123): note: see declaration of 'wcscpy'
c:\users\s_hagoo119\source\repos\pehr\pehr\winmain.cpp(300): warning C4996: '_wcsset': This function or variable may be unsafe. Consider using _wcsset_s instead. To disable deprecation, use _CRT_SECURE_NO_WARNINGS. See online help for details.
  c:\program files (x86)\windows kits\10\include\10.0.16299.0\ucrt\corecrt_wstring.h(376): note: see declaration of '_wcsset'
c:\users\s_hagoo119\source\repos\pehr\pehr\winmain.cpp(301): warning C4996: 'wcscpy': This function or variable may be unsafe. Consider using wcscpy_s instead. To disable deprecation, use _CRT_SECURE_NO_WARNINGS. See online help for details.
  c:\program files (x86)\windows kits\10\include\10.0.16299.0\ucrt\corecrt_wstring.h(123): note: see declaration of 'wcscpy'
c:\users\s_hagoo119\source\repos\pehr\pehr\winmain.cpp(304): warning C4996: 'wcscpy': This function or variable may be unsafe. Consider using wcscpy_s instead. To disable deprecation, use _CRT_SECURE_NO_WARNINGS. See online help for details.
  c:\program files (x86)\windows kits\10\include\10.0.16299.0\ucrt\corecrt_wstring.h(123): note: see declaration of 'wcscpy'
c:\users\s_hagoo119\source\repos\pehr\pehr\winmain.cpp(306): warning C4996: 'wcscpy': This function or variable may be unsafe. Consider using wcscpy_s instead. To disable deprecation, use _CRT_SECURE_NO_WARNINGS. See online help for details.
  c:\program files (x86)\windows kits\10\include\10.0.16299.0\ucrt\corecrt_wstring.h(123): note: see declaration of 'wcscpy'
  Generating code
  0 of 246 functions ( 0.0%) were compiled, the rest were copied from previous compilation.
    0 functions were new in current compilation
    0 functions had inline decision re-evaluated but remain unchanged
  Finished generating code
  PEHR.vcxproj -> C:\Users\s_hagoo119\source\repos\PEHR\Release\PEHR.exe
